0 info it worked if it ends with ok
1 verbose cli [ '/usr/bin/nodejs', '/usr/bin/npm', 'publish' ]
2 info using npm@3.5.2
3 info using node@v4.2.6
4 verbose publish [ '.' ]
5 silly cache add args [ '.', null ]
6 verbose cache add spec .
7 silly cache add parsed spec Result {
7 silly cache add   raw: '.',
7 silly cache add   scope: null,
7 silly cache add   name: null,
7 silly cache add   rawSpec: '.',
7 silly cache add   spec: '/mnt/nfs/md0/Michael/gits/node-simple-rbac',
7 silly cache add   type: 'directory' }
8 verbose addLocalDirectory /home/michael/.npm/node-simple-rbac/0.0.1/package.tgz not in flight; packing
9 info lifecycle node-simple-rbac@0.0.1~prepublish: node-simple-rbac@0.0.1
10 silly lifecycle node-simple-rbac@0.0.1~prepublish: no script for prepublish, continuing
11 verbose tar pack [ '/home/michael/.npm/node-simple-rbac/0.0.1/package.tgz',
11 verbose tar pack   '/mnt/nfs/md0/Michael/gits/node-simple-rbac' ]
12 verbose tarball /home/michael/.npm/node-simple-rbac/0.0.1/package.tgz
13 verbose folder /mnt/nfs/md0/Michael/gits/node-simple-rbac
14 verbose addLocalTarball adding from inside cache /home/michael/.npm/node-simple-rbac/0.0.1/package.tgz
15 silly cache afterAdd node-simple-rbac@0.0.1
16 verbose afterAdd /home/michael/.npm/node-simple-rbac/0.0.1/package/package.json not in flight; writing
17 verbose afterAdd /home/michael/.npm/node-simple-rbac/0.0.1/package/package.json written
18 silly publish { name: 'node-simple-rbac',
18 silly publish   version: '0.0.1',
18 silly publish   description: 'Simple RBAC implementation for node',
18 silly publish   main: 'index.js',
18 silly publish   scripts: { test: 'echo "Error: no test specified" && exit 1' },
18 silly publish   repository:
18 silly publish    { type: 'git',
18 silly publish      url: 'git://github.com/mikeysteele/node-simple-rbac.git' },
18 silly publish   keywords: [ 'RBAC' ],
18 silly publish   author: { name: 'Michael Westcott' },
18 silly publish   license: 'MIT',
18 silly publish   devDependencies: { 'grunt-jsbeautifier': '^0.2.13' },
18 silly publish   readme: '\n# Node Simple RBAC\n(Role Based Access Control)\n\n# Description\n\nLoosely inspired by ZF-FR RBAC and Zfc-RBAC for Zend Framework.\nSupports multiple providers (In Memory, Object) and you can extend with your own, as well as assertions\n\n\n# InMemory Example\n\n```js\n\nvar Rbac = require(\'./index.js\');\nvar assertions = {\n \'permission2\': function (rbac, user, resource, resolve,reject) {\n        resolve(user.username === resource.author);\n  }\n\n}\n\n\nvar rbac = new Rbac({\n    assertions: assertions,\n    roles: {\n        role_a: [ \n          \'permission1\', \'permission2\'\n        ]\n    } \n});\n\n\n\n\nvar user = {\n    username: \'michael\',\n    role: \'role_a\'\n\n}\n\n\nvar user2 = {\n    username: \'james\',\n    role: \'role_a\'\n\n}\nvar article = {\n    author: \'michael\'\n\n}\n\nrbac.IsGranted(user, \'permission1\').then(function (access) {\n    if (!access) {\n        console.log(\'unauthorised\');\n    } else {\n        console.log(\'ok!\')\n    }\n\n});\n\nrbac.IsGranted(user, \'permission2\', article).then(function (access) {\n    if (!access) {\n        console.log(\'not asserted\');\n    } else {\n        console.log(\'asserted!\')\n    }\n\n});\n\n\nrbac.IsGranted(user2, \'permission2\',article).then(function (access) {\n    if (!access) {\n        console.log(\'not asserted\');\n    } else {\n        console.log(\'asserted!\')\n    }\n\n});\n\n```\n\n\n\n\n\n\n\n\n\n\n',
18 silly publish   readmeFilename: 'README.md',
18 silly publish   gitHead: 'ba73d161b8dfededc5bea037a97c46946791b7a7',
18 silly publish   bugs: { url: 'https://github.com/mikeysteele/node-simple-rbac/issues' },
18 silly publish   homepage: 'https://github.com/mikeysteele/node-simple-rbac#readme',
18 silly publish   _id: 'node-simple-rbac@0.0.1',
18 silly publish   _shasum: 'd3d3bf680e37cfac61e31dffb58bcba250677429',
18 silly publish   _from: '.' }
19 verbose getPublishConfig undefined
20 silly mapToRegistry name node-simple-rbac
21 silly mapToRegistry using default registry
22 silly mapToRegistry registry https://registry.npmjs.org/
23 silly mapToRegistry uri https://registry.npmjs.org/node-simple-rbac
24 verbose publish registryBase https://registry.npmjs.org/
25 silly publish uploading /home/michael/.npm/node-simple-rbac/0.0.1/package.tgz
26 verbose request uri https://registry.npmjs.org/node-simple-rbac
27 verbose request sending authorization for write operation
28 info attempt registry request try #1 at 5:06:14 PM
29 verbose request using bearer token for auth
30 verbose request id 7385bf81f7cd5b2c
31 http request PUT https://registry.npmjs.org/node-simple-rbac
32 http 403 https://registry.npmjs.org/node-simple-rbac
33 verbose headers { 'content-type': 'application/json',
33 verbose headers   'cache-control': 'max-age=300',
33 verbose headers   'content-length': '95',
33 verbose headers   'accept-ranges': 'bytes',
33 verbose headers   date: 'Sat, 24 Sep 2016 07:06:15 GMT',
33 verbose headers   via: '1.1 varnish',
33 verbose headers   connection: 'keep-alive',
33 verbose headers   'x-served-by': 'cache-hkg6822-HKG',
33 verbose headers   'x-cache': 'MISS',
33 verbose headers   'x-cache-hits': '0',
33 verbose headers   'x-timer': 'S1474700774.848758,VS0,VE748',
33 verbose headers   vary: 'Accept-Encoding' }
34 verbose request invalidating /home/michael/.npm/registry.npmjs.org/node-simple-rbac on PUT
35 error publish Failed PUT 403
36 verbose stack Error: "You cannot publish over the previously published version 0.0.1." : node-simple-rbac
36 verbose stack     at makeError (/usr/share/npm/node_modules/npm-registry-client/lib/request.js:264:12)
36 verbose stack     at CachingRegistryClient.<anonymous> (/usr/share/npm/node_modules/npm-registry-client/lib/request.js:252:14)
36 verbose stack     at Request._callback (/usr/share/npm/node_modules/npm-registry-client/lib/request.js:172:14)
36 verbose stack     at Request.self.callback (/usr/share/npm/node_modules/request/request.js:198:22)
36 verbose stack     at emitTwo (events.js:87:13)
36 verbose stack     at Request.emit (events.js:172:7)
36 verbose stack     at Request.<anonymous> (/usr/share/npm/node_modules/request/request.js:1082:10)
36 verbose stack     at emitOne (events.js:82:20)
36 verbose stack     at Request.emit (events.js:169:7)
36 verbose stack     at IncomingMessage.<anonymous> (/usr/share/npm/node_modules/request/request.js:1009:12)
37 verbose statusCode 403
38 verbose pkgid node-simple-rbac
39 verbose cwd /mnt/nfs/md0/Michael/gits/node-simple-rbac
40 error Linux 4.4.0-38-generic
41 error argv "/usr/bin/nodejs" "/usr/bin/npm" "publish"
42 error node v4.2.6
43 error npm  v3.5.2
44 error code E403
45 error "You cannot publish over the previously published version 0.0.1." : node-simple-rbac
46 error If you need help, you may report this error at:
46 error     <https://github.com/npm/npm/issues>
47 verbose exit [ 1, true ]
